# Logfile created on 2014-04-09 12:42:05 +0530 by logger.rb/31641
I, [2014-04-09T12:42:05.487533 #2339]  INFO -- : 0:  rake (10.2.2) from /var/lib/gems/1.9.1/specifications/rake-10.2.2.gemspec
I, [2014-04-09T12:42:05.508124 #2339]  INFO -- : 0:  i18n (0.6.9) from /var/lib/gems/1.9.1/specifications/i18n-0.6.9.gemspec
I, [2014-04-09T12:42:05.508959 #2339]  INFO -- : 0:  minitest (4.7.5) from /var/lib/gems/1.9.1/specifications/minitest-4.7.5.gemspec
I, [2014-04-09T12:42:05.509651 #2339]  INFO -- : 0:  multi_json (1.9.2) from /var/lib/gems/1.9.1/specifications/multi_json-1.9.2.gemspec
I, [2014-04-09T12:42:05.510306 #2339]  INFO -- : 0:  thread_safe (0.3.3) from /var/lib/gems/1.9.1/specifications/thread_safe-0.3.3.gemspec
I, [2014-04-09T12:42:05.510914 #2339]  INFO -- : 0:  tzinfo (0.3.39) from /var/lib/gems/1.9.1/specifications/tzinfo-0.3.39.gemspec
I, [2014-04-09T12:42:05.511645 #2339]  INFO -- : 0:  activesupport (4.0.4) from /var/lib/gems/1.9.1/specifications/activesupport-4.0.4.gemspec
I, [2014-04-09T12:42:05.512297 #2339]  INFO -- : 0:  builder (3.1.4) from /var/lib/gems/1.9.1/specifications/builder-3.1.4.gemspec
I, [2014-04-09T12:42:05.512937 #2339]  INFO -- : 0:  erubis (2.7.0) from /var/lib/gems/1.9.1/specifications/erubis-2.7.0.gemspec
I, [2014-04-09T12:42:05.513516 #2339]  INFO -- : 0:  rack (1.5.2) from /var/lib/gems/1.9.1/specifications/rack-1.5.2.gemspec
I, [2014-04-09T12:42:05.514108 #2339]  INFO -- : 0:  rack-test (0.6.2) from /var/lib/gems/1.9.1/specifications/rack-test-0.6.2.gemspec
I, [2014-04-09T12:42:05.514710 #2339]  INFO -- : 0:  actionpack (4.0.4) from /var/lib/gems/1.9.1/specifications/actionpack-4.0.4.gemspec
I, [2014-04-09T12:42:05.515333 #2339]  INFO -- : 0:  mime-types (1.25.1) from /var/lib/gems/1.9.1/specifications/mime-types-1.25.1.gemspec
I, [2014-04-09T12:42:05.515922 #2339]  INFO -- : 0:  polyglot (0.3.4) from /var/lib/gems/1.9.1/specifications/polyglot-0.3.4.gemspec
I, [2014-04-09T12:42:05.516546 #2339]  INFO -- : 0:  treetop (1.4.15) from /var/lib/gems/1.9.1/specifications/treetop-1.4.15.gemspec
I, [2014-04-09T12:42:05.517118 #2339]  INFO -- : 0:  mail (2.5.4) from /var/lib/gems/1.9.1/specifications/mail-2.5.4.gemspec
I, [2014-04-09T12:42:05.517684 #2339]  INFO -- : 0:  actionmailer (4.0.4) from /var/lib/gems/1.9.1/specifications/actionmailer-4.0.4.gemspec
I, [2014-04-09T12:42:05.518247 #2339]  INFO -- : 0:  activemodel (4.0.4) from /var/lib/gems/1.9.1/specifications/activemodel-4.0.4.gemspec
I, [2014-04-09T12:42:05.518834 #2339]  INFO -- : 0:  activerecord-deprecated_finders (1.0.3) from /var/lib/gems/1.9.1/specifications/activerecord-deprecated_finders-1.0.3.gemspec
I, [2014-04-09T12:42:05.519334 #2339]  INFO -- : 0:  arel (4.0.2) from /var/lib/gems/1.9.1/specifications/arel-4.0.2.gemspec
I, [2014-04-09T12:42:05.519811 #2339]  INFO -- : 0:  activerecord (4.0.4) from /var/lib/gems/1.9.1/specifications/activerecord-4.0.4.gemspec
I, [2014-04-09T12:42:05.520687 #2339]  INFO -- : 0:  bundler (1.5.1) from /var/lib/gems/1.9.1/specifications/bundler-1.5.1.gemspec
I, [2014-04-09T12:42:05.522296 #2339]  INFO -- : 0:  coffee-script-source (1.7.0) from /var/lib/gems/1.9.1/specifications/coffee-script-source-1.7.0.gemspec
I, [2014-04-09T12:42:05.523765 #2339]  INFO -- : 0:  execjs (2.0.2) from /var/lib/gems/1.9.1/specifications/execjs-2.0.2.gemspec
I, [2014-04-09T12:42:05.525138 #2339]  INFO -- : 0:  coffee-script (2.2.0) from /var/lib/gems/1.9.1/specifications/coffee-script-2.2.0.gemspec
I, [2014-04-09T12:42:05.526459 #2339]  INFO -- : 0:  thor (0.19.1) from /var/lib/gems/1.9.1/specifications/thor-0.19.1.gemspec
I, [2014-04-09T12:42:05.528718 #2339]  INFO -- : 0:  railties (4.0.4) from /var/lib/gems/1.9.1/specifications/railties-4.0.4.gemspec
I, [2014-04-09T12:42:05.530066 #2339]  INFO -- : 0:  coffee-rails (4.0.1) from /var/lib/gems/1.9.1/specifications/coffee-rails-4.0.1.gemspec
I, [2014-04-09T12:42:05.531381 #2339]  INFO -- : 0:  hike (1.2.3) from /var/lib/gems/1.9.1/specifications/hike-1.2.3.gemspec
I, [2014-04-09T12:42:05.532958 #2339]  INFO -- : 0:  jbuilder (1.5.3) from /var/lib/gems/1.9.1/specifications/jbuilder-1.5.3.gemspec
I, [2014-04-09T12:42:05.534319 #2339]  INFO -- : 0:  jquery-rails (3.1.0) from /var/lib/gems/1.9.1/specifications/jquery-rails-3.1.0.gemspec
I, [2014-04-09T12:42:05.535616 #2339]  INFO -- : 0:  json (1.8.1) from /var/lib/gems/1.9.1/specifications/json-1.8.1.gemspec
I, [2014-04-09T12:42:05.536957 #2339]  INFO -- : 0:  tilt (1.4.1) from /var/lib/gems/1.9.1/specifications/tilt-1.4.1.gemspec
I, [2014-04-09T12:42:05.538311 #2339]  INFO -- : 0:  sprockets (2.11.0) from /var/lib/gems/1.9.1/specifications/sprockets-2.11.0.gemspec
I, [2014-04-09T12:42:05.539644 #2339]  INFO -- : 0:  sprockets-rails (2.0.1) from /var/lib/gems/1.9.1/specifications/sprockets-rails-2.0.1.gemspec
I, [2014-04-09T12:42:05.540991 #2339]  INFO -- : 0:  rails (4.0.4) from /var/lib/gems/1.9.1/specifications/rails-4.0.4.gemspec
I, [2014-04-09T12:42:05.542347 #2339]  INFO -- : 0:  rdoc (4.1.1) from /var/lib/gems/1.9.1/specifications/rdoc-4.1.1.gemspec
I, [2014-04-09T12:42:05.544162 #2339]  INFO -- : 0:  sass (3.2.19) from /var/lib/gems/1.9.1/specifications/sass-3.2.19.gemspec
I, [2014-04-09T12:42:05.545647 #2339]  INFO -- : 0:  sass-rails (4.0.3) from /var/lib/gems/1.9.1/specifications/sass-rails-4.0.3.gemspec
I, [2014-04-09T12:42:05.546980 #2339]  INFO -- : 0:  sdoc (0.4.0) from /var/lib/gems/1.9.1/specifications/sdoc-0.4.0.gemspec
I, [2014-04-09T12:42:05.548373 #2339]  INFO -- : 0:  sqlite3 (1.3.9) from /var/lib/gems/1.9.1/specifications/sqlite3-1.3.9.gemspec
I, [2014-04-09T12:42:05.549756 #2339]  INFO -- : 0:  turbolinks (2.2.2) from /var/lib/gems/1.9.1/specifications/turbolinks-2.2.2.gemspec
I, [2014-04-09T12:42:05.550865 #2339]  INFO -- : 0:  uglifier (2.5.0) from /var/lib/gems/1.9.1/specifications/uglifier-2.5.0.gemspec
I, [2015-03-26T15:21:09.714930 #2372]  INFO -- : 0:  rake (10.2.2) from /var/lib/gems/1.9.1/specifications/rake-10.2.2.gemspec
I, [2015-03-26T15:21:09.735260 #2372]  INFO -- : 0:  i18n (0.6.9) from /var/lib/gems/1.9.1/specifications/i18n-0.6.9.gemspec
I, [2015-03-26T15:21:09.737365 #2372]  INFO -- : 0:  minitest (4.7.5) from /var/lib/gems/1.9.1/specifications/minitest-4.7.5.gemspec
I, [2015-03-26T15:21:09.758952 #2372]  INFO -- : 0:  multi_json (1.9.2) from /var/lib/gems/1.9.1/specifications/multi_json-1.9.2.gemspec
I, [2015-03-26T15:21:09.760252 #2372]  INFO -- : 0:  thread_safe (0.3.3) from /var/lib/gems/1.9.1/specifications/thread_safe-0.3.3.gemspec
I, [2015-03-26T15:21:09.761945 #2372]  INFO -- : 0:  tzinfo (0.3.39) from /var/lib/gems/1.9.1/specifications/tzinfo-0.3.39.gemspec
I, [2015-03-26T15:21:09.762568 #2372]  INFO -- : 0:  activesupport (4.0.4) from /var/lib/gems/1.9.1/specifications/activesupport-4.0.4.gemspec
I, [2015-03-26T15:21:09.764218 #2372]  INFO -- : 0:  builder (3.1.4) from /var/lib/gems/1.9.1/specifications/builder-3.1.4.gemspec
I, [2015-03-26T15:21:09.765256 #2372]  INFO -- : 0:  erubis (2.7.0) from /var/lib/gems/1.9.1/specifications/erubis-2.7.0.gemspec
I, [2015-03-26T15:21:09.766929 #2372]  INFO -- : 0:  rack (1.5.2) from /var/lib/gems/1.9.1/specifications/rack-1.5.2.gemspec
I, [2015-03-26T15:21:09.768549 #2372]  INFO -- : 0:  rack-test (0.6.2) from /var/lib/gems/1.9.1/specifications/rack-test-0.6.2.gemspec
I, [2015-03-26T15:21:09.770910 #2372]  INFO -- : 0:  actionpack (4.0.4) from /var/lib/gems/1.9.1/specifications/actionpack-4.0.4.gemspec
I, [2015-03-26T15:21:09.776545 #2372]  INFO -- : 0:  mime-types (1.25.1) from /var/lib/gems/1.9.1/specifications/mime-types-1.25.1.gemspec
I, [2015-03-26T15:21:09.782924 #2372]  INFO -- : 0:  polyglot (0.3.4) from /var/lib/gems/1.9.1/specifications/polyglot-0.3.4.gemspec
I, [2015-03-26T15:21:09.784238 #2372]  INFO -- : 0:  treetop (1.4.15) from /var/lib/gems/1.9.1/specifications/treetop-1.4.15.gemspec
I, [2015-03-26T15:21:09.785469 #2372]  INFO -- : 0:  mail (2.5.4) from /var/lib/gems/1.9.1/specifications/mail-2.5.4.gemspec
I, [2015-03-26T15:21:09.786245 #2372]  INFO -- : 0:  actionmailer (4.0.4) from /var/lib/gems/1.9.1/specifications/actionmailer-4.0.4.gemspec
I, [2015-03-26T15:21:09.786851 #2372]  INFO -- : 0:  activemodel (4.0.4) from /var/lib/gems/1.9.1/specifications/activemodel-4.0.4.gemspec
I, [2015-03-26T15:21:09.788865 #2372]  INFO -- : 0:  activerecord-deprecated_finders (1.0.3) from /var/lib/gems/1.9.1/specifications/activerecord-deprecated_finders-1.0.3.gemspec
I, [2015-03-26T15:21:09.790046 #2372]  INFO -- : 0:  arel (4.0.2) from /var/lib/gems/1.9.1/specifications/arel-4.0.2.gemspec
I, [2015-03-26T15:21:09.798696 #2372]  INFO -- : 0:  activerecord (4.0.4) from /var/lib/gems/1.9.1/specifications/activerecord-4.0.4.gemspec
I, [2015-03-26T15:21:09.799735 #2372]  INFO -- : 0:  bundler (1.5.1) from /var/lib/gems/1.9.1/specifications/bundler-1.5.1.gemspec
I, [2015-03-26T15:21:09.800553 #2372]  INFO -- : 0:  coffee-script-source (1.7.0) from /var/lib/gems/1.9.1/specifications/coffee-script-source-1.7.0.gemspec
I, [2015-03-26T15:21:09.803162 #2372]  INFO -- : 0:  execjs (2.0.2) from /var/lib/gems/1.9.1/specifications/execjs-2.0.2.gemspec
I, [2015-03-26T15:21:09.809538 #2372]  INFO -- : 0:  coffee-script (2.2.0) from /var/lib/gems/1.9.1/specifications/coffee-script-2.2.0.gemspec
I, [2015-03-26T15:21:09.820895 #2372]  INFO -- : 0:  thor (0.19.1) from /var/lib/gems/1.9.1/specifications/thor-0.19.1.gemspec
I, [2015-03-26T15:21:09.912711 #2372]  INFO -- : 0:  railties (4.0.4) from /var/lib/gems/1.9.1/specifications/railties-4.0.4.gemspec
I, [2015-03-26T15:21:09.915250 #2372]  INFO -- : 0:  coffee-rails (4.0.1) from /var/lib/gems/1.9.1/specifications/coffee-rails-4.0.1.gemspec
I, [2015-03-26T15:21:09.916238 #2372]  INFO -- : 0:  hike (1.2.3) from /var/lib/gems/1.9.1/specifications/hike-1.2.3.gemspec
I, [2015-03-26T15:21:09.918574 #2372]  INFO -- : 0:  jbuilder (1.5.3) from /var/lib/gems/1.9.1/specifications/jbuilder-1.5.3.gemspec
I, [2015-03-26T15:21:09.920160 #2372]  INFO -- : 0:  jquery-rails (3.1.0) from /var/lib/gems/1.9.1/specifications/jquery-rails-3.1.0.gemspec
I, [2015-03-26T15:21:09.922545 #2372]  INFO -- : 0:  json (1.8.1) from /var/lib/gems/1.9.1/specifications/json-1.8.1.gemspec
E, [2015-03-26T15:21:43.868202 #2372] ERROR -- : Gem::Exception: Cannot load gem at [/var/lib/gems/1.9.1/cache/mysql-2.9.1.gem] in /media/sf_linux/ams
/usr/lib/ruby/1.9.1/rubygems/format.rb:32:in `from_file_by_path'  \n/var/lib/gems/1.9.1/gems/bundler-1.5.1/lib/bundler/rubygems_integration.rb:158:in `gem_from_path'  \n/var/lib/gems/1.9.1/gems/bundler-1.5.1/lib/bundler/rubygems_integration.rb:163:in `spec_from_gem'  \n/var/lib/gems/1.9.1/gems/bundler-1.5.1/lib/bundler/source/rubygems.rb:79:in `install'  \n/var/lib/gems/1.9.1/gems/bundler-1.5.1/lib/bundler/installer.rb:111:in `block in install_gem_from_spec'  \n/var/lib/gems/1.9.1/gems/bundler-1.5.1/lib/bundler/rubygems_integration.rb:150:in `with_build_args'  \n/var/lib/gems/1.9.1/gems/bundler-1.5.1/lib/bundler/installer.rb:110:in `install_gem_from_spec'  \n/var/lib/gems/1.9.1/gems/bundler-1.5.1/lib/bundler/installer.rb:295:in `block in install_sequentially'  \n/usr/lib/ruby/1.9.1/forwardable.rb:201:in `each'  \n/usr/lib/ruby/1.9.1/forwardable.rb:201:in `each'  \n/var/lib/gems/1.9.1/gems/bundler-1.5.1/lib/bundler/installer.rb:294:in `install_sequentially'  \n/var/lib/gems/1.9.1/gems/bundler-1.5.1/lib/bundler/installer.rb:97:in `run'  \n/var/lib/gems/1.9.1/gems/bundler-1.5.1/lib/bundler/installer.rb:15:in `install'  \n/var/lib/gems/1.9.1/gems/bundler-1.5.1/lib/bundler/cli.rb:257:in `install'  \n/var/lib/gems/1.9.1/gems/bundler-1.5.1/lib/bundler/vendor/thor/command.rb:27:in `run'  \n/var/lib/gems/1.9.1/gems/bundler-1.5.1/lib/bundler/vendor/thor/invocation.rb:120:in `invoke_command'  \n/var/lib/gems/1.9.1/gems/bundler-1.5.1/lib/bundler/vendor/thor.rb:363:in `dispatch'  \n/var/lib/gems/1.9.1/gems/bundler-1.5.1/lib/bundler/vendor/thor/base.rb:438:in `start'  \n/var/lib/gems/1.9.1/gems/bundler-1.5.1/lib/bundler/cli.rb:10:in `start'  \n/var/lib/gems/1.9.1/gems/bundler-1.5.1/bin/bundle:22:in `block in <top (required)>'  \n/var/lib/gems/1.9.1/gems/bundler-1.5.1/lib/bundler/friendly_errors.rb:5:in `with_friendly_errors'  \n/var/lib/gems/1.9.1/gems/bundler-1.5.1/bin/bundle:22:in `<top (required)>'  \n/usr/local/bin/bundle:23:in `load'  \n/usr/local/bin/bundle:23:in `<main>'
I, [2015-03-26T15:24:14.440800 #2391]  INFO -- : 0:  rake (10.2.2) from /home/anoop/temp/ruby/1.9.1/specifications/rake-10.2.2.gemspec
I, [2015-03-26T15:24:16.404321 #2391]  INFO -- : 0:  i18n (0.6.9) from /home/anoop/temp/ruby/1.9.1/specifications/i18n-0.6.9.gemspec
I, [2015-03-26T15:24:17.427948 #2391]  INFO -- : 0:  minitest (4.7.5) from /home/anoop/temp/ruby/1.9.1/specifications/minitest-4.7.5.gemspec
I, [2015-03-26T15:24:19.255675 #2391]  INFO -- : 0:  multi_json (1.9.2) from /home/anoop/temp/ruby/1.9.1/specifications/multi_json-1.9.2.gemspec
I, [2015-03-26T15:24:20.367820 #2391]  INFO -- : 0:  thread_safe (0.3.3) from /home/anoop/temp/ruby/1.9.1/specifications/thread_safe-0.3.3.gemspec
I, [2015-03-26T15:24:22.218584 #2391]  INFO -- : 0:  tzinfo (0.3.39) from /home/anoop/temp/ruby/1.9.1/specifications/tzinfo-0.3.39.gemspec
I, [2015-03-26T15:24:24.499761 #2391]  INFO -- : 0:  activesupport (4.0.4) from /home/anoop/temp/ruby/1.9.1/specifications/activesupport-4.0.4.gemspec
I, [2015-03-26T15:24:25.448427 #2391]  INFO -- : 0:  builder (3.1.4) from /home/anoop/temp/ruby/1.9.1/specifications/builder-3.1.4.gemspec
I, [2015-03-26T15:24:27.608122 #2391]  INFO -- : 0:  erubis (2.7.0) from /home/anoop/temp/ruby/1.9.1/specifications/erubis-2.7.0.gemspec
I, [2015-03-26T15:24:30.040389 #2391]  INFO -- : 0:  rack (1.5.2) from /home/anoop/temp/ruby/1.9.1/specifications/rack-1.5.2.gemspec
I, [2015-03-26T15:24:31.292146 #2391]  INFO -- : 0:  rack-test (0.6.2) from /home/anoop/temp/ruby/1.9.1/specifications/rack-test-0.6.2.gemspec
I, [2015-03-26T15:24:37.658877 #2391]  INFO -- : 0:  actionpack (4.0.4) from /home/anoop/temp/ruby/1.9.1/specifications/actionpack-4.0.4.gemspec
I, [2015-03-26T15:24:39.049374 #2391]  INFO -- : 0:  mime-types (1.25.1) from /home/anoop/temp/ruby/1.9.1/specifications/mime-types-1.25.1.gemspec
I, [2015-03-26T15:24:39.820844 #2391]  INFO -- : 0:  polyglot (0.3.4) from /home/anoop/temp/ruby/1.9.1/specifications/polyglot-0.3.4.gemspec
I, [2015-03-26T15:24:41.308508 #2391]  INFO -- : 0:  treetop (1.4.15) from /home/anoop/temp/ruby/1.9.1/specifications/treetop-1.4.15.gemspec
I, [2015-03-26T15:24:42.731421 #2391]  INFO -- : 0:  mail (2.5.4) from /home/anoop/temp/ruby/1.9.1/specifications/mail-2.5.4.gemspec
I, [2015-03-26T15:24:44.010521 #2391]  INFO -- : 0:  actionmailer (4.0.4) from /home/anoop/temp/ruby/1.9.1/specifications/actionmailer-4.0.4.gemspec
I, [2015-03-26T15:24:44.799049 #2391]  INFO -- : 0:  activemodel (4.0.4) from /home/anoop/temp/ruby/1.9.1/specifications/activemodel-4.0.4.gemspec
I, [2015-03-26T15:24:46.041337 #2391]  INFO -- : 0:  activerecord-deprecated_finders (1.0.3) from /home/anoop/temp/ruby/1.9.1/specifications/activerecord-deprecated_finders-1.0.3.gemspec
I, [2015-03-26T15:24:47.345873 #2391]  INFO -- : 0:  arel (4.0.2) from /home/anoop/temp/ruby/1.9.1/specifications/arel-4.0.2.gemspec
I, [2015-03-26T15:24:48.500542 #2391]  INFO -- : 0:  activerecord (4.0.4) from /home/anoop/temp/ruby/1.9.1/specifications/activerecord-4.0.4.gemspec
I, [2015-03-26T15:24:48.501543 #2391]  INFO -- : 0:  bundler (1.5.1) from /var/lib/gems/1.9.1/gems/bundler-1.5.1/lib/bundler/source
I, [2015-03-26T15:24:49.405369 #2391]  INFO -- : 0:  coffee-script-source (1.7.0) from /home/anoop/temp/ruby/1.9.1/specifications/coffee-script-source-1.7.0.gemspec
I, [2015-03-26T15:24:50.289621 #2391]  INFO -- : 0:  execjs (2.0.2) from /home/anoop/temp/ruby/1.9.1/specifications/execjs-2.0.2.gemspec
I, [2015-03-26T15:24:56.026641 #2391]  INFO -- : 0:  coffee-script (2.2.0) from /home/anoop/temp/ruby/1.9.1/specifications/coffee-script-2.2.0.gemspec
I, [2015-03-26T15:24:57.069092 #2391]  INFO -- : 0:  thor (0.19.1) from /home/anoop/temp/ruby/1.9.1/specifications/thor-0.19.1.gemspec
I, [2015-03-26T15:24:59.113212 #2391]  INFO -- : 0:  railties (4.0.4) from /home/anoop/temp/ruby/1.9.1/specifications/railties-4.0.4.gemspec
I, [2015-03-26T15:24:59.828041 #2391]  INFO -- : 0:  coffee-rails (4.0.1) from /home/anoop/temp/ruby/1.9.1/specifications/coffee-rails-4.0.1.gemspec
I, [2015-03-26T15:25:00.519961 #2391]  INFO -- : 0:  hike (1.2.3) from /home/anoop/temp/ruby/1.9.1/specifications/hike-1.2.3.gemspec
I, [2015-03-26T15:25:01.550343 #2391]  INFO -- : 0:  jbuilder (1.5.3) from /home/anoop/temp/ruby/1.9.1/specifications/jbuilder-1.5.3.gemspec
I, [2015-03-26T15:25:02.656269 #2391]  INFO -- : 0:  jquery-rails (3.1.0) from /home/anoop/temp/ruby/1.9.1/specifications/jquery-rails-3.1.0.gemspec
I, [2015-03-26T15:25:06.489580 #2391]  INFO -- : 0:  json (1.8.1) from /home/anoop/temp/ruby/1.9.1/specifications/json-1.8.1.gemspec
I, [2015-03-26T15:25:09.777228 #2391]  INFO -- : 0:  mysql (2.9.1) from /home/anoop/temp/ruby/1.9.1/specifications/mysql-2.9.1.gemspec
I, [2015-03-26T15:25:10.842524 #2391]  INFO -- : 0:  tilt (1.4.1) from /home/anoop/temp/ruby/1.9.1/specifications/tilt-1.4.1.gemspec
I, [2015-03-26T15:25:11.976787 #2391]  INFO -- : 0:  sprockets (2.11.0) from /home/anoop/temp/ruby/1.9.1/specifications/sprockets-2.11.0.gemspec
I, [2015-03-26T15:25:12.809565 #2391]  INFO -- : 0:  sprockets-rails (2.0.1) from /home/anoop/temp/ruby/1.9.1/specifications/sprockets-rails-2.0.1.gemspec
I, [2015-03-26T15:25:16.784139 #2391]  INFO -- : 0:  rails (4.0.4) from /home/anoop/temp/ruby/1.9.1/specifications/rails-4.0.4.gemspec
I, [2015-03-26T15:25:19.195851 #2391]  INFO -- : 0:  rdoc (4.1.1) from /home/anoop/temp/ruby/1.9.1/specifications/rdoc-4.1.1.gemspec
I, [2015-03-26T15:25:21.372152 #2391]  INFO -- : 0:  sass (3.2.19) from /home/anoop/temp/ruby/1.9.1/specifications/sass-3.2.19.gemspec
I, [2015-03-26T15:25:22.488154 #2391]  INFO -- : 0:  sass-rails (4.0.3) from /home/anoop/temp/ruby/1.9.1/specifications/sass-rails-4.0.3.gemspec
I, [2015-03-26T15:25:24.123949 #2391]  INFO -- : 0:  sdoc (0.4.0) from /home/anoop/temp/ruby/1.9.1/specifications/sdoc-0.4.0.gemspec
I, [2015-03-26T15:25:25.679358 #2391]  INFO -- : 0:  turbolinks (2.2.2) from /home/anoop/temp/ruby/1.9.1/specifications/turbolinks-2.2.2.gemspec
I, [2015-03-26T15:25:26.645228 #2391]  INFO -- : 0:  uglifier (2.5.0) from /home/anoop/temp/ruby/1.9.1/specifications/uglifier-2.5.0.gemspec
